<?xml version="1.0" encoding="UTF-8"?>
<testsuite name="mz.cocrea.todoapi.TodoapiApplicationTests" tests="1" skipped="0" failures="0" errors="0" timestamp="2022-09-05T05:17:59" hostname="degiple-todoapispringbo-80vrr2eyvri" time="0.133">
  <properties/>
  <testcase name="contextLoads()" classname="mz.cocrea.todoapi.TodoapiApplicationTests" time="0.133"/>
  <system-out><![CDATA[05:17:54.854 [Test worker] DEBUG org.springframework.test.context.BootstrapUtils - Instantiating CacheAwareContextLoaderDelegate from class [org.springframework.test.context.cache.DefaultCacheAwareContextLoaderDelegate]
05:17:54.864 [Test worker] DEBUG org.springframework.test.context.BootstrapUtils - Instantiating BootstrapContext using constructor [public org.springframework.test.context.support.DefaultBootstrapContext(java.lang.Class,org.springframework.test.context.CacheAwareContextLoaderDelegate)]
05:17:54.898 [Test worker] DEBUG org.springframework.test.context.BootstrapUtils - Instantiating TestContextBootstrapper for test class [mz.cocrea.todoapi.TodoapiApplicationTests] from class [org.springframework.boot.test.context.SpringBootTestContextBootstrapper]
05:17:54.907 [Test worker] INFO org.springframework.boot.test.context.SpringBootTestContextBootstrapper - Neither @ContextConfiguration nor @ContextHierarchy found for test class [mz.cocrea.todoapi.TodoapiApplicationTests], using SpringBootContextLoader
05:17:54.910 [Test worker] DEBUG org.springframework.test.context.support.AbstractContextLoader - Did not detect default resource location for test class [mz.cocrea.todoapi.TodoapiApplicationTests]: class path resource [mz/cocrea/todoapi/TodoapiApplicationTests-context.xml] does not exist
05:17:54.911 [Test worker] DEBUG org.springframework.test.context.support.AbstractContextLoader - Did not detect default resource location for test class [mz.cocrea.todoapi.TodoapiApplicationTests]: class path resource [mz/cocrea/todoapi/TodoapiApplicationTestsContext.groovy] does not exist
05:17:54.911 [Test worker] INFO org.springframework.test.context.support.AbstractContextLoader - Could not detect default resource locations for test class [mz.cocrea.todoapi.TodoapiApplicationTests]: no resource found for suffixes {-context.xml, Context.groovy}.
05:17:54.911 [Test worker] INFO org.springframework.test.context.support.AnnotationConfigContextLoaderUtils - Could not detect default configuration classes for test class [mz.cocrea.todoapi.TodoapiApplicationTests]: TodoapiApplicationTests does not declare any static, non-private, non-final, nested classes annotated with @Configuration.
05:17:54.950 [Test worker] DEBUG org.springframework.test.context.support.ActiveProfilesUtils - Could not find an 'annotation declaring class' for annotation type [org.springframework.test.context.ActiveProfiles] and class [mz.cocrea.todoapi.TodoapiApplicationTests]
05:17:55.005 [Test worker] DEBUG org.springframework.context.annotation.ClassPathScanningCandidateComponentProvider - Identified candidate component class: file [/workspace/todoapi-springboot/build/classes/java/main/mz/cocrea/todoapi/TodoapiApplication.class]
05:17:55.022 [Test worker] INFO org.springframework.boot.test.context.SpringBootTestContextBootstrapper - Found @SpringBootConfiguration mz.cocrea.todoapi.TodoapiApplication for test class mz.cocrea.todoapi.TodoapiApplicationTests
05:17:55.139 [Test worker] DEBUG org.springframework.boot.test.context.SpringBootTestContextBootstrapper - @TestExecutionListeners is not present for class [mz.cocrea.todoapi.TodoapiApplicationTests]: using defaults.
05:17:55.139 [Test worker] INFO org.springframework.boot.test.context.SpringBootTestContextBootstrapper - Loaded default TestExecutionListener class names from location [META-INF/spring.factories]: [org.springframework.boot.test.autoconfigure.restdocs.RestDocsTestExecutionListener, org.springframework.boot.test.autoconfigure.web.client.MockRestServiceServerResetTestExecutionListener, org.springframework.boot.test.autoconfigure.web.servlet.MockMvcPrintOnlyOnFailureTestExecutionListener, org.springframework.boot.test.autoconfigure.web.servlet.WebDriverTestExecutionListener, org.springframework.boot.test.autoconfigure.webservices.client.MockWebServiceServerTestExecutionListener, org.springframework.boot.test.mock.mockito.MockitoTestExecutionListener, org.springframework.boot.test.mock.mockito.ResetMocksTestExecutionListener, org.springframework.test.context.web.ServletTestExecutionListener, org.springframework.test.context.support.DirtiesContextBeforeModesTestExecutionListener, org.springframework.test.context.event.ApplicationEventsTestExecutionListener, org.springframework.test.context.support.DependencyInjectionTestExecutionListener, org.springframework.test.context.support.DirtiesContextTestExecutionListener, org.springframework.test.context.transaction.TransactionalTestExecutionListener, org.springframework.test.context.jdbc.SqlScriptsTestExecutionListener, org.springframework.test.context.event.EventPublishingTestExecutionListener]
05:17:55.155 [Test worker] INFO org.springframework.boot.test.context.SpringBootTestContextBootstrapper - Using TestExecutionListeners: [org.springframework.test.context.web.ServletTestExecutionListener@5851bd4f, org.springframework.test.context.support.DirtiesContextBeforeModesTestExecutionListener@7cd1ac19, org.springframework.test.context.event.ApplicationEventsTestExecutionListener@2f40a43, org.springframework.boot.test.mock.mockito.MockitoTestExecutionListener@3caa4757, org.springframework.boot.test.autoconfigure.SpringBootDependencyInjectionTestExecutionListener@69c43e48, org.springframework.test.context.support.DirtiesContextTestExecutionListener@1804f60d, org.springframework.test.context.transaction.TransactionalTestExecutionListener@3a80515c, org.springframework.test.context.jdbc.SqlScriptsTestExecutionListener@547e29a4, org.springframework.test.context.event.EventPublishingTestExecutionListener@1c807b1d, org.springframework.boot.test.autoconfigure.restdocs.RestDocsTestExecutionListener@238b521e, org.springframework.boot.test.autoconfigure.web.client.MockRestServiceServerResetTestExecutionListener@1b39fd82, org.springframework.boot.test.autoconfigure.web.servlet.MockMvcPrintOnlyOnFailureTestExecutionListener@3e2fc448, org.springframework.boot.test.autoconfigure.web.servlet.WebDriverTestExecutionListener@21680803, org.springframework.boot.test.autoconfigure.webservices.client.MockWebServiceServerTestExecutionListener@588ab592, org.springframework.boot.test.mock.mockito.ResetMocksTestExecutionListener@c8b96ec]
05:17:55.158 [Test worker] DEBUG org.springframework.test.context.support.AbstractDirtiesContextTestExecutionListener - Before test class: context [DefaultTestContext@3228d990 testClass = TodoapiApplicationTests, testInstance = [null], testMethod = [null], testException = [null], mergedContextConfiguration = [WebMergedContextConfiguration@54e7391d testClass = TodoapiApplicationTests, locations = '{}', classes = '{class mz.cocrea.todoapi.TodoapiApplication}', contextInitializerClasses = '[]', activeProfiles = '{}', propertySourceLocations = '{}', propertySourceProperties = '{org.springframework.boot.test.context.SpringBootTestContextBootstrapper=true}', contextCustomizers = set[org.springframework.boot.test.autoconfigure.actuate.metrics.MetricsExportContextCustomizerFactory$DisableMetricExportContextCustomizer@774698ab, org.springframework.boot.test.autoconfigure.properties.PropertyMappingContextCustomizer@0, org.springframework.boot.test.autoconfigure.web.servlet.WebDriverContextCustomizerFactory$Customizer@57459491, org.springframework.boot.test.context.filter.ExcludeFilterContextCustomizer@7e22550a, org.springframework.boot.test.json.DuplicateJsonObjectContextCustomizerFactory$DuplicateJsonObjectContextCustomizer@5bc9ba1d, org.springframework.boot.test.mock.mockito.MockitoContextCustomizer@0, org.springframework.boot.test.web.client.TestRestTemplateContextCustomizer@4b20ca2b, org.springframework.boot.test.context.SpringBootTestArgs@1, org.springframework.boot.test.context.SpringBootTestWebEnvironment@1a5b6f42], resourceBasePath = 'src/main/webapp', contextLoader = 'org.springframework.boot.test.context.SpringBootContextLoader', parent = [null]], attributes = map['org.springframework.test.context.web.ServletTestExecutionListener.activateListener' -> true]], class annotated with @DirtiesContext [false] with mode [null].

  .   ____          _            __ _ _
 /\\ / ___'_ __ _ _(_)_ __  __ _ \ \ \ \
( ( )\___ | '_ | '_| | '_ \/ _` | \ \ \ \
 \\/  ___)| |_)| | | | | || (_| |  ) ) ) )
  '  |____| .__|_| |_|_| |_\__, | / / / /
 =========|_|==============|___/=/_/_/_/
 :: Spring Boot ::                (v2.7.3)

2022-09-05 05:17:55.476  INFO 4902 --- [    Test worker] m.c.todoapi.TodoapiApplicationTests      : Starting TodoapiApplicationTests using Java 11.0.16 on degiple-todoapispringbo-80vrr2eyvri with PID 4902 (started by gitpod in /workspace/todoapi-springboot)
2022-09-05 05:17:55.477  INFO 4902 --- [    Test worker] m.c.todoapi.TodoapiApplicationTests      : No active profile set, falling back to 1 default profile: "default"
2022-09-05 05:17:56.112  INFO 4902 --- [    Test worker] .s.d.r.c.RepositoryConfigurationDelegate : Multiple Spring Data modules found, entering strict repository configuration mode
2022-09-05 05:17:56.113  INFO 4902 --- [    Test worker] .s.d.r.c.RepositoryConfigurationDelegate : Bootstrapping Spring Data JDBC repositories in DEFAULT mode.
2022-09-05 05:17:56.135  INFO 4902 --- [    Test worker] .RepositoryConfigurationExtensionSupport : Spring Data JDBC - Could not safely identify store assignment for repository candidate interface mz.cocrea.todoapi.TodoitemRepository; If you want this repository to be a JDBC repository, consider annotating your entities with one of these annotations: org.springframework.data.relational.core.mapping.Table.
2022-09-05 05:17:56.135  INFO 4902 --- [    Test worker] .s.d.r.c.RepositoryConfigurationDelegate : Finished Spring Data repository scanning in 18 ms. Found 0 JDBC repository interfaces.
2022-09-05 05:17:56.143  INFO 4902 --- [    Test worker] .s.d.r.c.RepositoryConfigurationDelegate : Multiple Spring Data modules found, entering strict repository configuration mode
2022-09-05 05:17:56.144  INFO 4902 --- [    Test worker] .s.d.r.c.RepositoryConfigurationDelegate : Bootstrapping Spring Data JPA repositories in DEFAULT mode.
2022-09-05 05:17:56.165  INFO 4902 --- [    Test worker] .s.d.r.c.RepositoryConfigurationDelegate : Finished Spring Data repository scanning in 17 ms. Found 1 JPA repository interfaces.
2022-09-05 05:17:56.640  INFO 4902 --- [    Test worker] com.zaxxer.hikari.HikariDataSource       : HikariPool-1 - Starting...
2022-09-05 05:17:56.922  INFO 4902 --- [    Test worker] com.zaxxer.hikari.HikariDataSource       : HikariPool-1 - Start completed.
2022-09-05 05:17:56.985  INFO 4902 --- [    Test worker] o.hibernate.jpa.internal.util.LogHelper  : HHH000204: Processing PersistenceUnitInfo [name: default]
2022-09-05 05:17:57.032  INFO 4902 --- [    Test worker] org.hibernate.Version                    : HHH000412: Hibernate ORM core version 5.6.10.Final
2022-09-05 05:17:57.204  INFO 4902 --- [    Test worker] o.hibernate.annotations.common.Version   : HCANN000001: Hibernate Commons Annotations {5.1.2.Final}
2022-09-05 05:17:57.331  INFO 4902 --- [    Test worker] org.hibernate.dialect.Dialect            : HHH000400: Using dialect: org.hibernate.dialect.H2Dialect
2022-09-05 05:17:57.855  INFO 4902 --- [    Test worker] o.h.e.t.j.p.i.JtaPlatformInitiator       : HHH000490: Using JtaPlatform implementation: [org.hibernate.engine.transaction.jta.platform.internal.NoJtaPlatform]
2022-09-05 05:17:57.862  INFO 4902 --- [    Test worker] j.LocalContainerEntityManagerFactoryBean : Initialized JPA EntityManagerFactory for persistence unit 'default'
2022-09-05 05:17:58.365  WARN 4902 --- [    Test worker] JpaBaseConfiguration$JpaWebConfiguration : spring.jpa.open-in-view is enabled by default. Therefore, database queries may be performed during view rendering. Explicitly configure spring.jpa.open-in-view to disable this warning
2022-09-05 05:17:59.193  INFO 4902 --- [    Test worker] m.c.todoapi.TodoapiApplicationTests      : Started TodoapiApplicationTests in 4.005 seconds (JVM running for 5.133)
]]></system-out>
  <system-err><![CDATA[]]></system-err>
</testsuite>
